<?xml version="1.0" encoding="UTF-8"?>
<robot generator="Robot 7.3.2 (Python 3.12.3 on linux)" generated="2025-11-10T14:34:39.322234" rpa="false" schemaversion="5">
<suite id="s1" name="Tests" source="/home/gabkodra/palautusrepositorio/viikko3/login/src/tests">
<suite id="s1-s1" name="Home" source="/home/gabkodra/palautusrepositorio/viikko3/login/src/tests/home.robot">
<kw name="Open And Configure Browser" owner="resource" type="SETUP">
<if>
<branch type="IF" condition="$BROWSER == 'chrome'">
<kw name="Evaluate" owner="BuiltIn">
<msg time="2025-11-10T14:34:39.494741" level="INFO">${options} = &lt;selenium.webdriver.chrome.options.Options object at 0x79e03568ab70&gt;</msg>
<var>${options}</var>
<arg>sys.modules['selenium.webdriver'].ChromeOptions()</arg>
<arg>sys</arg>
<doc>Evaluates the given expression in Python and returns the result.</doc>
<status status="PASS" start="2025-11-10T14:34:39.494376" elapsed="0.000418"/>
</kw>
<kw name="Call Method" owner="BuiltIn">
<arg>${options}</arg>
<arg>add_argument</arg>
<arg>--incognito</arg>
<doc>Calls the named method of the given object with the provided arguments.</doc>
<status status="PASS" start="2025-11-10T14:34:39.494982" elapsed="0.000223"/>
</kw>
<status status="PASS" start="2025-11-10T14:34:39.493683" elapsed="0.001601"/>
</branch>
<branch type="ELSE IF" condition="$BROWSER == 'firefox'">
<kw name="Evaluate" owner="BuiltIn">
<var>${options}</var>
<arg>sys.modules['selenium.webdriver'].FirefoxOptions()</arg>
<arg>sys</arg>
<doc>Evaluates the given expression in Python and returns the result.</doc>
<status status="NOT RUN" start="2025-11-10T14:34:39.495485" elapsed="0.000038"/>
</kw>
<kw name="Call Method" owner="BuiltIn">
<arg>${options}</arg>
<arg>add_argument</arg>
<arg>--private-window</arg>
<doc>Calls the named method of the given object with the provided arguments.</doc>
<status status="NOT RUN" start="2025-11-10T14:34:39.495629" elapsed="0.000028"/>
</kw>
<status status="NOT RUN" start="2025-11-10T14:34:39.495351" elapsed="0.000348"/>
</branch>
<status status="PASS" start="2025-11-10T14:34:39.493647" elapsed="0.002092"/>
</if>
<if>
<branch type="IF" condition="$HEADLESS == 'true'">
<kw name="Set Selenium Speed" owner="SeleniumLibrary">
<arg>0.05 seconds</arg>
<doc>Sets the delay that is waited after each Selenium command.</doc>
<status status="NOT RUN" start="2025-11-10T14:34:39.496061" elapsed="0.000036"/>
</kw>
<kw name="Call Method" owner="BuiltIn">
<arg>${options}</arg>
<arg>add_argument</arg>
<arg>--headless</arg>
<doc>Calls the named method of the given object with the provided arguments.</doc>
<status status="NOT RUN" start="2025-11-10T14:34:39.496221" elapsed="0.000029"/>
</kw>
<status status="NOT RUN" start="2025-11-10T14:34:39.495815" elapsed="0.000480"/>
</branch>
<branch type="ELSE">
<kw name="Set Selenium Speed" owner="SeleniumLibrary">
<arg>${DELAY}</arg>
<doc>Sets the delay that is waited after each Selenium command.</doc>
<status status="PASS" start="2025-11-10T14:34:39.496465" elapsed="0.000418"/>
</kw>
<status status="PASS" start="2025-11-10T14:34:39.496334" elapsed="0.000612"/>
</branch>
<status status="PASS" start="2025-11-10T14:34:39.495794" elapsed="0.001199"/>
</if>
<kw name="Open Browser" owner="SeleniumLibrary">
<msg time="2025-11-10T14:34:39.497545" level="INFO">Opening browser 'chrome' to base url 'None'.</msg>
<arg>browser=${BROWSER}</arg>
<arg>options=${options}</arg>
<doc>Opens a new browser instance to the optional ``url``.</doc>
<status status="PASS" start="2025-11-10T14:34:39.497215" elapsed="0.638965"/>
</kw>
<status status="PASS" start="2025-11-10T14:34:39.493396" elapsed="0.643073"/>
</kw>
<test id="s1-s1-t1" name="Click Login Link" line="10">
<kw name="Reset Application And Go To Starting Page" type="SETUP">
<kw name="Reset Application" owner="AppLibrary">
<status status="PASS" start="2025-11-10T14:34:40.139265" elapsed="0.007725"/>
</kw>
<kw name="Go To Starting Page">
<kw name="Go To" owner="SeleniumLibrary">
<msg time="2025-11-10T14:34:40.148820" level="INFO">Opening url 'http://localhost:5001'</msg>
<arg>${HOME_URL}</arg>
<doc>Navigates the current browser window to the provided ``url``.</doc>
<status status="PASS" start="2025-11-10T14:34:40.148420" elapsed="0.583805"/>
</kw>
<status status="PASS" start="2025-11-10T14:34:40.147630" elapsed="0.585044"/>
</kw>
<status status="PASS" start="2025-11-10T14:34:40.137825" elapsed="0.595070"/>
</kw>
<kw name="Click Link" owner="SeleniumLibrary">
<msg time="2025-11-10T14:34:40.734507" level="INFO">Clicking link 'Login'.</msg>
<arg>Login</arg>
<doc>Clicks a link identified by ``locator``.</doc>
<status status="PASS" start="2025-11-10T14:34:40.733532" elapsed="1.670957"/>
</kw>
<kw name="Login Page Should Be Open" owner="resource">
<kw name="Title Should Be" owner="SeleniumLibrary">
<msg time="2025-11-10T14:34:42.925027" level="INFO">Page title is 'Login'.</msg>
<arg>Login</arg>
<doc>Verifies that the current page title equals ``title``.</doc>
<status status="PASS" start="2025-11-10T14:34:42.406753" elapsed="0.518788"/>
</kw>
<status status="PASS" start="2025-11-10T14:34:42.405618" elapsed="0.520205"/>
</kw>
<status status="PASS" start="2025-11-10T14:34:40.136665" elapsed="2.789615"/>
</test>
<test id="s1-s1-t2" name="Click Register Link" line="14">
<kw name="Reset Application And Go To Starting Page" type="SETUP">
<kw name="Reset Application" owner="AppLibrary">
<status status="PASS" start="2025-11-10T14:34:42.928118" elapsed="0.005314"/>
</kw>
<kw name="Go To Starting Page">
<kw name="Go To" owner="SeleniumLibrary">
<msg time="2025-11-10T14:34:42.934931" level="INFO">Opening url 'http://localhost:5001'</msg>
<arg>${HOME_URL}</arg>
<doc>Navigates the current browser window to the provided ``url``.</doc>
<status status="PASS" start="2025-11-10T14:34:42.934579" elapsed="0.539060"/>
</kw>
<status status="PASS" start="2025-11-10T14:34:42.933895" elapsed="0.540145"/>
</kw>
<status status="PASS" start="2025-11-10T14:34:42.927601" elapsed="0.546661"/>
</kw>
<kw name="Click Link" owner="SeleniumLibrary">
<msg time="2025-11-10T14:34:43.475475" level="INFO">Clicking link 'Register new user'.</msg>
<arg>Register new user</arg>
<doc>Clicks a link identified by ``locator``.</doc>
<status status="PASS" start="2025-11-10T14:34:43.474873" elapsed="1.655123"/>
</kw>
<kw name="Register Page Should Be Open" owner="resource">
<kw name="Title Should Be" owner="SeleniumLibrary">
<msg time="2025-11-10T14:34:45.644630" level="INFO">Page title is 'Register'.</msg>
<arg>Register</arg>
<doc>Verifies that the current page title equals ``title``.</doc>
<status status="PASS" start="2025-11-10T14:34:45.132329" elapsed="0.512747"/>
</kw>
<status status="PASS" start="2025-11-10T14:34:45.131450" elapsed="0.514023"/>
</kw>
<status status="PASS" start="2025-11-10T14:34:42.926891" elapsed="2.719213"/>
</test>
<kw name="Close Browser" owner="SeleniumLibrary" type="TEARDOWN">
<doc>Closes the current browser.</doc>
<status status="PASS" start="2025-11-10T14:34:45.647806" elapsed="0.594868"/>
</kw>
<status status="PASS" start="2025-11-10T14:34:39.346961" elapsed="6.895832"/>
</suite>
<suite id="s1-s2" name="Login" source="/home/gabkodra/palautusrepositorio/viikko3/login/src/tests/login.robot">
<kw name="Open And Configure Browser" owner="resource" type="SETUP">
<if>
<branch type="IF" condition="$BROWSER == 'chrome'">
<kw name="Evaluate" owner="BuiltIn">
<msg time="2025-11-10T14:34:46.248618" level="INFO">${options} = &lt;selenium.webdriver.chrome.options.Options object at 0x79e0356aa420&gt;</msg>
<var>${options}</var>
<arg>sys.modules['selenium.webdriver'].ChromeOptions()</arg>
<arg>sys</arg>
<doc>Evaluates the given expression in Python and returns the result.</doc>
<status status="PASS" start="2025-11-10T14:34:46.248170" elapsed="0.000509"/>
</kw>
<kw name="Call Method" owner="BuiltIn">
<arg>${options}</arg>
<arg>add_argument</arg>
<arg>--incognito</arg>
<doc>Calls the named method of the given object with the provided arguments.</doc>
<status status="PASS" start="2025-11-10T14:34:46.248875" elapsed="0.000244"/>
</kw>
<status status="PASS" start="2025-11-10T14:34:46.247766" elapsed="0.001485"/>
</branch>
<branch type="ELSE IF" condition="$BROWSER == 'firefox'">
<kw name="Evaluate" owner="BuiltIn">
<var>${options}</var>
<arg>sys.modules['selenium.webdriver'].FirefoxOptions()</arg>
<arg>sys</arg>
<doc>Evaluates the given expression in Python and returns the result.</doc>
<status status="NOT RUN" start="2025-11-10T14:34:46.249805" elapsed="0.000102"/>
</kw>
<kw name="Call Method" owner="BuiltIn">
<arg>${options}</arg>
<arg>add_argument</arg>
<arg>--private-window</arg>
<doc>Calls the named method of the given object with the provided arguments.</doc>
<status status="NOT RUN" start="2025-11-10T14:34:46.250117" elapsed="0.000152"/>
</kw>
<status status="NOT RUN" start="2025-11-10T14:34:46.249343" elapsed="0.001009"/>
</branch>
<status status="PASS" start="2025-11-10T14:34:46.247727" elapsed="0.002694"/>
</if>
<if>
<branch type="IF" condition="$HEADLESS == 'true'">
<kw name="Set Selenium Speed" owner="SeleniumLibrary">
<arg>0.05 seconds</arg>
<doc>Sets the delay that is waited after each Selenium command.</doc>
<status status="NOT RUN" start="2025-11-10T14:34:46.250885" elapsed="0.000042"/>
</kw>
<kw name="Call Method" owner="BuiltIn">
<arg>${options}</arg>
<arg>add_argument</arg>
<arg>--headless</arg>
<doc>Calls the named method of the given object with the provided arguments.</doc>
<status status="NOT RUN" start="2025-11-10T14:34:46.251055" elapsed="0.000037"/>
</kw>
<status status="NOT RUN" start="2025-11-10T14:34:46.250528" elapsed="0.000634"/>
</branch>
<branch type="ELSE">
<kw name="Set Selenium Speed" owner="SeleniumLibrary">
<arg>${DELAY}</arg>
<doc>Sets the delay that is waited after each Selenium command.</doc>
<status status="PASS" start="2025-11-10T14:34:46.251362" elapsed="0.000444"/>
</kw>
<status status="PASS" start="2025-11-10T14:34:46.251220" elapsed="0.000664"/>
</branch>
<status status="PASS" start="2025-11-10T14:34:46.250499" elapsed="0.001439"/>
</if>
<kw name="Open Browser" owner="SeleniumLibrary">
<msg time="2025-11-10T14:34:46.252466" level="INFO">Opening browser 'chrome' to base url 'None'.</msg>
<arg>browser=${BROWSER}</arg>
<arg>options=${options}</arg>
<doc>Opens a new browser instance to the optional ``url``.</doc>
<status status="PASS" start="2025-11-10T14:34:46.252097" elapsed="0.663915"/>
</kw>
<status status="PASS" start="2025-11-10T14:34:46.247487" elapsed="0.668768"/>
</kw>
<test id="s1-s2-t1" name="Login With Correct Credentials" line="8">
<kw name="Reset Application Create User And Go To Login Page" type="SETUP">
<kw name="Reset Application" owner="AppLibrary">
<status status="PASS" start="2025-11-10T14:34:46.917669" elapsed="0.004747"/>
</kw>
<kw name="Create User" owner="AppLibrary">
<arg>kalle</arg>
<arg>kalle123</arg>
<status status="PASS" start="2025-11-10T14:34:46.922797" elapsed="0.012701"/>
</kw>
<kw name="Go To Login Page" owner="resource">
<kw name="Go To" owner="SeleniumLibrary">
<msg time="2025-11-10T14:34:46.936732" level="INFO">Opening url 'http://localhost:5001/login'</msg>
<arg>${LOGIN_URL}</arg>
<doc>Navigates the current browser window to the provided ``url``.</doc>
<status status="PASS" start="2025-11-10T14:34:46.936457" elapsed="0.599936"/>
</kw>
<status status="PASS" start="2025-11-10T14:34:46.935922" elapsed="0.600866"/>
</kw>
<status status="PASS" start="2025-11-10T14:34:46.917195" elapsed="0.619810"/>
</kw>
<kw name="Set Username">
<kw name="Input Text" owner="SeleniumLibrary">
<msg time="2025-11-10T14:34:47.539475" level="INFO">Typing text 'kalle' into text field 'username'.</msg>
<arg>username</arg>
<arg>${username}</arg>
<doc>Types the given ``text`` into the text field identified by ``locator``.</doc>
<status status="PASS" start="2025-11-10T14:34:47.538820" elapsed="1.661210"/>
</kw>
<arg>kalle</arg>
<status status="PASS" start="2025-11-10T14:34:47.537757" elapsed="1.662709"/>
</kw>
<kw name="Set Password">
<kw name="Input Password" owner="SeleniumLibrary">
<msg time="2025-11-10T14:34:49.202822" level="INFO">Typing password into text field 'password'.</msg>
<msg time="2025-11-10T14:34:50.264872" level="INFO">Temporally setting log level to: NONE</msg>
<arg>password</arg>
<arg>${password}</arg>
<doc>Types the given password into the text field identified by ``locator``.</doc>
<status status="PASS" start="2025-11-10T14:34:49.202085" elapsed="1.633043"/>
</kw>
<arg>kalle123</arg>
<status status="PASS" start="2025-11-10T14:34:49.201178" elapsed="1.634719"/>
</kw>
<kw name="Click Button" owner="SeleniumLibrary">
<msg time="2025-11-10T14:34:50.837070" level="INFO">Clicking button 'Login'.</msg>
<arg>Login</arg>
<doc>Clicks the button identified by ``locator``.</doc>
<status status="PASS" start="2025-11-10T14:34:50.836547" elapsed="2.148744"/>
</kw>
<kw name="Login Should Succeed">
<kw name="Main Page Should Be Open" owner="resource">
<kw name="Title Should Be" owner="SeleniumLibrary">
<msg time="2025-11-10T14:34:53.503516" level="INFO">Page title is 'Ohtu Application main page'.</msg>
<arg>Ohtu Application main page</arg>
<doc>Verifies that the current page title equals ``title``.</doc>
<status status="PASS" start="2025-11-10T14:34:52.989494" elapsed="0.514513"/>
</kw>
<status status="PASS" start="2025-11-10T14:34:52.988095" elapsed="0.516410"/>
</kw>
<status status="PASS" start="2025-11-10T14:34:52.986962" elapsed="0.517780"/>
</kw>
<status status="PASS" start="2025-11-10T14:34:46.916402" elapsed="6.588940"/>
</test>
<test id="s1-s2-t2" name="Login With Incorrect Password" line="14">
<kw name="Reset Application Create User And Go To Login Page" type="SETUP">
<kw name="Reset Application" owner="AppLibrary">
<status status="PASS" start="2025-11-10T14:34:53.508599" elapsed="0.005564"/>
</kw>
<kw name="Create User" owner="AppLibrary">
<arg>kalle</arg>
<arg>kalle123</arg>
<status status="PASS" start="2025-11-10T14:34:53.514557" elapsed="0.009318"/>
</kw>
<kw name="Go To Login Page" owner="resource">
<kw name="Go To" owner="SeleniumLibrary">
<msg time="2025-11-10T14:34:53.525031" level="INFO">Opening url 'http://localhost:5001/login'</msg>
<arg>${LOGIN_URL}</arg>
<doc>Navigates the current browser window to the provided ``url``.</doc>
<status status="PASS" start="2025-11-10T14:34:53.524776" elapsed="0.537859"/>
</kw>
<status status="PASS" start="2025-11-10T14:34:53.524286" elapsed="0.538714"/>
</kw>
<status status="PASS" start="2025-11-10T14:34:53.507290" elapsed="0.555910"/>
</kw>
<kw name="Set Username">
<kw name="Input Text" owner="SeleniumLibrary">
<msg time="2025-11-10T14:34:54.065942" level="INFO">Typing text 'kalle' into text field 'username'.</msg>
<arg>username</arg>
<arg>${username}</arg>
<doc>Types the given ``text`` into the text field identified by ``locator``.</doc>
<status status="PASS" start="2025-11-10T14:34:54.065246" elapsed="1.625566"/>
</kw>
<arg>kalle</arg>
<status status="PASS" start="2025-11-10T14:34:54.063883" elapsed="1.627438"/>
</kw>
<kw name="Set Password">
<kw name="Input Password" owner="SeleniumLibrary">
<msg time="2025-11-10T14:34:55.693619" level="INFO">Typing password into text field 'password'.</msg>
<msg time="2025-11-10T14:34:56.747075" level="INFO">Temporally setting log level to: NONE</msg>
<arg>password</arg>
<arg>${password}</arg>
<doc>Types the given password into the text field identified by ``locator``.</doc>
<status status="PASS" start="2025-11-10T14:34:55.692978" elapsed="1.621306"/>
</kw>
<arg>kalle456</arg>
<status status="PASS" start="2025-11-10T14:34:55.692054" elapsed="1.622678"/>
</kw>
<kw name="Click Button" owner="SeleniumLibrary">
<msg time="2025-11-10T14:34:57.316217" level="INFO">Clicking button 'Login'.</msg>
<arg>Login</arg>
<doc>Clicks the button identified by ``locator``.</doc>
<status status="PASS" start="2025-11-10T14:34:57.315478" elapsed="2.128148"/>
</kw>
<kw name="Login Should Fail With Message">
<kw name="Login Page Should Be Open" owner="resource">
<kw name="Title Should Be" owner="SeleniumLibrary">
<msg time="2025-11-10T14:34:59.955489" level="INFO">Page title is 'Login'.</msg>
<arg>Login</arg>
<doc>Verifies that the current page title equals ``title``.</doc>
<status status="PASS" start="2025-11-10T14:34:59.446175" elapsed="0.509680"/>
</kw>
<status status="PASS" start="2025-11-10T14:34:59.445595" elapsed="0.510635"/>
</kw>
<kw name="Page Should Contain" owner="SeleniumLibrary">
<msg time="2025-11-10T14:35:00.985399" level="INFO">Current page contains text 'Invalid username or password'.</msg>
<arg>${message}</arg>
<doc>Verifies that current page contains ``text``.</doc>
<status status="PASS" start="2025-11-10T14:34:59.956950" elapsed="1.028919"/>
</kw>
<arg>Invalid username or password</arg>
<status status="PASS" start="2025-11-10T14:34:59.444610" elapsed="1.542171"/>
</kw>
<status status="PASS" start="2025-11-10T14:34:53.506174" elapsed="7.481468"/>
</test>
<kw name="Close Browser" owner="SeleniumLibrary" type="TEARDOWN">
<doc>Closes the current browser.</doc>
<status status="PASS" start="2025-11-10T14:35:00.988914" elapsed="0.562000"/>
</kw>
<status status="PASS" start="2025-11-10T14:34:46.243505" elapsed="15.307604"/>
</suite>
<status status="PASS" start="2025-11-10T14:34:39.323401" elapsed="22.229554"/>
</suite>
<statistics>
<total>
<stat pass="4" fail="0" skip="0">All Tests</stat>
</total>
<tag>
</tag>
<suite>
<stat name="Tests" id="s1" pass="4" fail="0" skip="0">Tests</stat>
<stat name="Home" id="s1-s1" pass="2" fail="0" skip="0">Tests.Home</stat>
<stat name="Login" id="s1-s2" pass="2" fail="0" skip="0">Tests.Login</stat>
</suite>
</statistics>
<errors>
</errors>
</robot>
