<?xml version="1.0" encoding="UTF-8"?>
<robot generator="Robot 7.3.2 (Python 3.12.3 on linux)" generated="2025-11-10T12:21:47.775284" rpa="false" schemaversion="5">
<suite id="s1" name="Increase Counter" source="/home/gabkodra/palautusrepositorio/viikko3/hello-robot/src/tests/increase_counter.robot">
<test id="s1-t1" name="Increase Counter Once" line="5">
<kw name="Counter Value Should Be" owner="CounterLibrary">
<arg>0</arg>
<status status="PASS" start="2025-11-10T12:21:47.812651" elapsed="0.000275"/>
</kw>
<kw name="Increase Counter" owner="CounterLibrary">
<status status="PASS" start="2025-11-10T12:21:47.813213" elapsed="0.000180"/>
</kw>
<kw name="Counter Value Should Be" owner="CounterLibrary">
<arg>1</arg>
<status status="PASS" start="2025-11-10T12:21:47.813599" elapsed="0.000167"/>
</kw>
<status status="PASS" start="2025-11-10T12:21:47.811369" elapsed="0.002612"/>
</test>
<test id="s1-t2" name="Increase Counter Many Times" line="10">
<kw name="Counter Value Should Be" owner="CounterLibrary">
<arg>0</arg>
<status status="PASS" start="2025-11-10T12:21:47.814686" elapsed="0.000175"/>
</kw>
<kw name="Increase Counter" owner="CounterLibrary">
<status status="PASS" start="2025-11-10T12:21:47.815023" elapsed="0.000128"/>
</kw>
<kw name="Increase Counter" owner="CounterLibrary">
<status status="PASS" start="2025-11-10T12:21:47.815301" elapsed="0.000107"/>
</kw>
<kw name="Increase Counter" owner="CounterLibrary">
<status status="PASS" start="2025-11-10T12:21:47.815534" elapsed="0.000100"/>
</kw>
<kw name="Counter Value Should Be" owner="CounterLibrary">
<arg>3</arg>
<status status="PASS" start="2025-11-10T12:21:47.815756" elapsed="0.000119"/>
</kw>
<status status="PASS" start="2025-11-10T12:21:47.814295" elapsed="0.001740"/>
</test>
<test id="s1-t3" name="Increment Counter By Amount" line="17">
<kw name="Counter Value Should Be" owner="CounterLibrary">
<arg>0</arg>
<status status="PASS" start="2025-11-10T12:21:47.817007" elapsed="0.000241"/>
</kw>
<kw name="Increment Counter By" owner="CounterLibrary">
<arg>5</arg>
<status status="PASS" start="2025-11-10T12:21:47.817454" elapsed="0.000145"/>
</kw>
<kw name="Counter Value Should Be" owner="CounterLibrary">
<arg>5</arg>
<status status="PASS" start="2025-11-10T12:21:47.817759" elapsed="0.000118"/>
</kw>
<status status="PASS" start="2025-11-10T12:21:47.816298" elapsed="0.001764"/>
</test>
<status status="PASS" start="2025-11-10T12:21:47.776979" elapsed="0.041747"/>
</suite>
<statistics>
<total>
<stat pass="3" fail="0" skip="0">All Tests</stat>
</total>
<tag>
</tag>
<suite>
<stat name="Increase Counter" id="s1" pass="3" fail="0" skip="0">Increase Counter</stat>
</suite>
</statistics>
<errors>
</errors>
</robot>
